<?xml version="1.0" encoding="UTF-8"?>
<testng-results ignored="0" total="0" passed="0" failed="0" skipped="0">
  <reporter-output>
  </reporter-output>
  <suite started-at="2024-08-06T09:58:07 IST" name="Suite" finished-at="2024-08-06T09:58:07 IST" duration-ms="51">
    <groups>
    </groups>
    <test started-at="2024-08-06T09:58:07 IST" name="Test_All" finished-at="2024-08-06T09:58:07 IST" duration-ms="51">
      <class name="com.myStore.testCases.LoginPageTest">
        <test-method is-config="true" signature="readConfig()[pri:0, instance:com.myStore.testCases.LoginPageTest@5c7933ad]" started-at="2024-08-06T09:58:07 IST" name="readConfig" finished-at="2024-08-06T09:58:07 IST" duration-ms="28" status="PASS">
          <reporter-output>
          </reporter-output>
        </test-method> <!-- readConfig -->
      </class> <!-- com.myStore.testCases.LoginPageTest -->
    </test> <!-- Test_All -->
  </suite> <!-- Suite -->
</testng-results>
